2025-02-21 19:07:15,605 - __main__ - INFO - Downloading MNIST dataset...
2025-02-21 19:07:15,658 - __main__ - INFO - Dataset downloaded successfully
2025-02-21 19:07:26,329 - __main__ - INFO - Data preprocessing completed successfully
2025-02-21 19:10:20,843 - src.data.preprocess_data - INFO - Data preprocessing completed successfully
2025-02-21 19:10:21,175 - __main__ - INFO - Train Epoch: 0 Loss: 2.268952
2025-02-21 19:10:21,597 - __main__ - INFO - Train Epoch: 0 Loss: 2.114748
2025-02-21 19:10:22,016 - __main__ - INFO - Train Epoch: 0 Loss: 1.848675
2025-02-21 19:10:22,434 - __main__ - INFO - Train Epoch: 0 Loss: 1.300580
2025-02-21 19:10:22,843 - __main__ - INFO - Train Epoch: 0 Loss: 1.164189
2025-02-21 19:10:23,246 - __main__ - INFO - Train Epoch: 0 Loss: 0.971410
2025-02-21 19:10:23,650 - __main__ - INFO - Train Epoch: 0 Loss: 0.852518
2025-02-21 19:10:24,055 - __main__ - INFO - Train Epoch: 0 Loss: 0.723375
2025-02-21 19:10:24,462 - __main__ - INFO - Train Epoch: 0 Loss: 0.651014
2025-02-21 19:10:24,867 - __main__ - INFO - Train Epoch: 0 Loss: 0.535190
2025-02-21 19:10:25,273 - __main__ - INFO - Train Epoch: 0 Loss: 0.843273
2025-02-21 19:10:25,682 - __main__ - INFO - Train Epoch: 0 Loss: 0.430834
2025-02-21 19:10:26,084 - __main__ - INFO - Train Epoch: 0 Loss: 0.651908
2025-02-21 19:10:26,494 - __main__ - INFO - Train Epoch: 0 Loss: 0.495949
2025-02-21 19:10:26,903 - __main__ - INFO - Train Epoch: 0 Loss: 0.651673
2025-02-21 19:10:27,309 - __main__ - INFO - Train Epoch: 1 Loss: 0.428570
2025-02-21 19:10:27,717 - __main__ - INFO - Train Epoch: 1 Loss: 0.700748
2025-02-21 19:10:28,125 - __main__ - INFO - Train Epoch: 1 Loss: 0.499024
2025-02-21 19:10:28,535 - __main__ - INFO - Train Epoch: 1 Loss: 0.432869
2025-02-21 19:10:28,948 - __main__ - INFO - Train Epoch: 1 Loss: 0.320700
2025-02-21 19:10:29,357 - __main__ - INFO - Train Epoch: 1 Loss: 0.301440
2025-02-21 19:10:29,763 - __main__ - INFO - Train Epoch: 1 Loss: 0.568350
2025-02-21 19:10:30,170 - __main__ - INFO - Train Epoch: 1 Loss: 0.296217
2025-02-21 19:10:30,578 - __main__ - INFO - Train Epoch: 1 Loss: 0.455141
2025-02-21 19:10:30,985 - __main__ - INFO - Train Epoch: 1 Loss: 0.477603
2025-02-21 19:10:31,394 - __main__ - INFO - Train Epoch: 1 Loss: 0.336076
2025-02-21 19:10:31,803 - __main__ - INFO - Train Epoch: 1 Loss: 0.446431
2025-02-21 19:10:32,209 - __main__ - INFO - Train Epoch: 1 Loss: 0.399548
2025-02-21 19:10:32,618 - __main__ - INFO - Train Epoch: 1 Loss: 0.259374
2025-02-21 19:10:33,026 - __main__ - INFO - Train Epoch: 1 Loss: 0.441801
2025-02-21 19:10:33,436 - __main__ - INFO - Train Epoch: 2 Loss: 0.503473
2025-02-21 19:10:33,845 - __main__ - INFO - Train Epoch: 2 Loss: 0.361798
2025-02-21 19:10:34,252 - __main__ - INFO - Train Epoch: 2 Loss: 0.366809
2025-02-21 19:10:34,662 - __main__ - INFO - Train Epoch: 2 Loss: 0.469917
2025-02-21 19:10:35,072 - __main__ - INFO - Train Epoch: 2 Loss: 0.259839
2025-02-21 19:10:35,479 - __main__ - INFO - Train Epoch: 2 Loss: 0.327205
2025-02-21 19:10:35,886 - __main__ - INFO - Train Epoch: 2 Loss: 0.353283
2025-02-21 19:10:36,296 - __main__ - INFO - Train Epoch: 2 Loss: 0.245144
2025-02-21 19:10:36,706 - __main__ - INFO - Train Epoch: 2 Loss: 0.482965
2025-02-21 19:10:37,113 - __main__ - INFO - Train Epoch: 2 Loss: 0.135050
2025-02-21 19:10:37,524 - __main__ - INFO - Train Epoch: 2 Loss: 0.428554
2025-02-21 19:10:37,941 - __main__ - INFO - Train Epoch: 2 Loss: 0.406565
2025-02-21 19:10:38,347 - __main__ - INFO - Train Epoch: 2 Loss: 0.440293
2025-02-21 19:10:38,755 - __main__ - INFO - Train Epoch: 2 Loss: 0.530542
2025-02-21 19:10:39,165 - __main__ - INFO - Train Epoch: 2 Loss: 0.363809
2025-02-21 19:10:39,576 - __main__ - INFO - Train Epoch: 3 Loss: 0.350872
2025-02-21 19:10:39,985 - __main__ - INFO - Train Epoch: 3 Loss: 0.201849
2025-02-21 19:10:40,400 - __main__ - INFO - Train Epoch: 3 Loss: 0.327569
2025-02-21 19:10:40,809 - __main__ - INFO - Train Epoch: 3 Loss: 0.210464
2025-02-21 19:10:41,217 - __main__ - INFO - Train Epoch: 3 Loss: 0.391116
2025-02-21 19:10:41,623 - __main__ - INFO - Train Epoch: 3 Loss: 0.252973
2025-02-21 19:10:42,028 - __main__ - INFO - Train Epoch: 3 Loss: 0.162318
2025-02-21 19:10:42,442 - __main__ - INFO - Train Epoch: 3 Loss: 0.273796
2025-02-21 19:10:42,850 - __main__ - INFO - Train Epoch: 3 Loss: 0.367586
2025-02-21 19:10:43,259 - __main__ - INFO - Train Epoch: 3 Loss: 0.197331
2025-02-21 19:10:43,665 - __main__ - INFO - Train Epoch: 3 Loss: 0.354892
2025-02-21 19:10:44,074 - __main__ - INFO - Train Epoch: 3 Loss: 0.488633
2025-02-21 19:10:44,480 - __main__ - INFO - Train Epoch: 3 Loss: 0.513747
2025-02-21 19:10:44,889 - __main__ - INFO - Train Epoch: 3 Loss: 0.451194
2025-02-21 19:10:45,299 - __main__ - INFO - Train Epoch: 3 Loss: 0.150807
2025-02-21 19:10:45,716 - __main__ - INFO - Train Epoch: 4 Loss: 0.187204
2025-02-21 19:10:46,130 - __main__ - INFO - Train Epoch: 4 Loss: 0.136438
2025-02-21 19:10:46,551 - __main__ - INFO - Train Epoch: 4 Loss: 0.280897
2025-02-21 19:10:46,959 - __main__ - INFO - Train Epoch: 4 Loss: 0.396390
2025-02-21 19:10:47,373 - __main__ - INFO - Train Epoch: 4 Loss: 0.395406
2025-02-21 19:10:47,783 - __main__ - INFO - Train Epoch: 4 Loss: 0.176359
2025-02-21 19:10:48,197 - __main__ - INFO - Train Epoch: 4 Loss: 0.309371
2025-02-21 19:10:48,607 - __main__ - INFO - Train Epoch: 4 Loss: 0.132853
2025-02-21 19:10:49,014 - __main__ - INFO - Train Epoch: 4 Loss: 0.336872
2025-02-21 19:10:49,423 - __main__ - INFO - Train Epoch: 4 Loss: 0.298232
2025-02-21 19:10:49,832 - __main__ - INFO - Train Epoch: 4 Loss: 0.111724
2025-02-21 19:10:50,243 - __main__ - INFO - Train Epoch: 4 Loss: 0.370905
2025-02-21 19:10:50,651 - __main__ - INFO - Train Epoch: 4 Loss: 0.300729
2025-02-21 19:10:51,057 - __main__ - INFO - Train Epoch: 4 Loss: 0.152005
2025-02-21 19:10:51,462 - __main__ - INFO - Train Epoch: 4 Loss: 0.132098
2025-02-21 19:10:51,877 - __main__ - INFO - Train Epoch: 5 Loss: 0.116969
2025-02-21 19:10:52,285 - __main__ - INFO - Train Epoch: 5 Loss: 0.156550
2025-02-21 19:10:52,694 - __main__ - INFO - Train Epoch: 5 Loss: 0.157764
2025-02-21 19:10:53,102 - __main__ - INFO - Train Epoch: 5 Loss: 0.209414
2025-02-21 19:10:53,515 - __main__ - INFO - Train Epoch: 5 Loss: 0.121558
2025-02-21 19:10:53,922 - __main__ - INFO - Train Epoch: 5 Loss: 0.204626
2025-02-21 19:10:54,331 - __main__ - INFO - Train Epoch: 5 Loss: 0.077263
2025-02-21 19:10:54,739 - __main__ - INFO - Train Epoch: 5 Loss: 0.126706
2025-02-21 19:10:55,146 - __main__ - INFO - Train Epoch: 5 Loss: 0.179055
2025-02-21 19:10:55,558 - __main__ - INFO - Train Epoch: 5 Loss: 0.331247
2025-02-21 19:10:55,966 - __main__ - INFO - Train Epoch: 5 Loss: 0.117017
2025-02-21 19:10:56,374 - __main__ - INFO - Train Epoch: 5 Loss: 0.333278
2025-02-21 19:10:56,783 - __main__ - INFO - Train Epoch: 5 Loss: 0.131281
2025-02-21 19:10:57,191 - __main__ - INFO - Train Epoch: 5 Loss: 0.321737
2025-02-21 19:10:57,601 - __main__ - INFO - Train Epoch: 5 Loss: 0.164504
2025-02-21 19:10:58,012 - __main__ - INFO - Train Epoch: 6 Loss: 0.185810
2025-02-21 19:10:58,421 - __main__ - INFO - Train Epoch: 6 Loss: 0.149040
2025-02-21 19:10:58,830 - __main__ - INFO - Train Epoch: 6 Loss: 0.048908
2025-02-21 19:10:59,236 - __main__ - INFO - Train Epoch: 6 Loss: 0.097828
2025-02-21 19:10:59,646 - __main__ - INFO - Train Epoch: 6 Loss: 0.096113
2025-02-21 19:11:00,055 - __main__ - INFO - Train Epoch: 6 Loss: 0.233743
2025-02-21 19:11:00,464 - __main__ - INFO - Train Epoch: 6 Loss: 0.111131
2025-02-21 19:11:00,871 - __main__ - INFO - Train Epoch: 6 Loss: 0.634789
2025-02-21 19:11:01,279 - __main__ - INFO - Train Epoch: 6 Loss: 0.174871
2025-02-21 19:11:01,689 - __main__ - INFO - Train Epoch: 6 Loss: 0.109278
2025-02-21 19:11:02,096 - __main__ - INFO - Train Epoch: 6 Loss: 0.069652
2025-02-21 19:11:02,503 - __main__ - INFO - Train Epoch: 6 Loss: 0.177424
2025-02-21 19:11:02,911 - __main__ - INFO - Train Epoch: 6 Loss: 0.194516
2025-02-21 19:11:03,317 - __main__ - INFO - Train Epoch: 6 Loss: 0.055253
2025-02-21 19:11:03,726 - __main__ - INFO - Train Epoch: 6 Loss: 0.203281
2025-02-21 19:11:04,135 - __main__ - INFO - Train Epoch: 7 Loss: 0.520855
2025-02-21 19:11:04,538 - __main__ - INFO - Train Epoch: 7 Loss: 0.123035
2025-02-21 19:11:04,950 - __main__ - INFO - Train Epoch: 7 Loss: 0.211994
2025-02-21 19:11:05,359 - __main__ - INFO - Train Epoch: 7 Loss: 0.039720
2025-02-21 19:11:05,771 - __main__ - INFO - Train Epoch: 7 Loss: 0.287097
2025-02-21 19:11:06,176 - __main__ - INFO - Train Epoch: 7 Loss: 0.195572
2025-02-21 19:11:06,586 - __main__ - INFO - Train Epoch: 7 Loss: 0.116458
2025-02-21 19:11:06,991 - __main__ - INFO - Train Epoch: 7 Loss: 0.206007
2025-02-21 19:11:07,408 - __main__ - INFO - Train Epoch: 7 Loss: 0.270457
2025-02-21 19:11:07,839 - __main__ - INFO - Train Epoch: 7 Loss: 0.142509
2025-02-21 19:11:08,250 - __main__ - INFO - Train Epoch: 7 Loss: 0.209356
2025-02-21 19:11:08,661 - __main__ - INFO - Train Epoch: 7 Loss: 0.039257
2025-02-21 19:11:09,070 - __main__ - INFO - Train Epoch: 7 Loss: 0.150921
2025-02-21 19:11:09,478 - __main__ - INFO - Train Epoch: 7 Loss: 0.209741
2025-02-21 19:11:09,887 - __main__ - INFO - Train Epoch: 7 Loss: 0.024661
2025-02-21 19:11:10,306 - __main__ - INFO - Train Epoch: 8 Loss: 0.181087
2025-02-21 19:11:10,717 - __main__ - INFO - Train Epoch: 8 Loss: 0.212542
2025-02-21 19:11:11,123 - __main__ - INFO - Train Epoch: 8 Loss: 0.143502
2025-02-21 19:11:11,532 - __main__ - INFO - Train Epoch: 8 Loss: 0.092070
2025-02-21 19:11:11,942 - __main__ - INFO - Train Epoch: 8 Loss: 0.144952
2025-02-21 19:11:12,355 - __main__ - INFO - Train Epoch: 8 Loss: 0.181687
2025-02-21 19:11:12,764 - __main__ - INFO - Train Epoch: 8 Loss: 0.410682
2025-02-21 19:11:13,171 - __main__ - INFO - Train Epoch: 8 Loss: 0.037576
2025-02-21 19:11:13,578 - __main__ - INFO - Train Epoch: 8 Loss: 0.243272
2025-02-21 19:11:13,983 - __main__ - INFO - Train Epoch: 8 Loss: 0.142464
2025-02-21 19:11:14,390 - __main__ - INFO - Train Epoch: 8 Loss: 0.064767
2025-02-21 19:11:14,797 - __main__ - INFO - Train Epoch: 8 Loss: 0.374527
2025-02-21 19:11:15,211 - __main__ - INFO - Train Epoch: 8 Loss: 0.084893
2025-02-21 19:11:15,618 - __main__ - INFO - Train Epoch: 8 Loss: 0.087032
2025-02-21 19:11:16,029 - __main__ - INFO - Train Epoch: 8 Loss: 0.151530
2025-02-21 19:11:16,437 - __main__ - INFO - Train Epoch: 9 Loss: 0.266785
2025-02-21 19:11:16,847 - __main__ - INFO - Train Epoch: 9 Loss: 0.116103
2025-02-21 19:11:17,253 - __main__ - INFO - Train Epoch: 9 Loss: 0.098824
2025-02-21 19:11:17,660 - __main__ - INFO - Train Epoch: 9 Loss: 0.256459
2025-02-21 19:11:18,067 - __main__ - INFO - Train Epoch: 9 Loss: 0.050619
2025-02-21 19:11:18,480 - __main__ - INFO - Train Epoch: 9 Loss: 0.107548
2025-02-21 19:11:18,887 - __main__ - INFO - Train Epoch: 9 Loss: 0.132363
2025-02-21 19:11:19,293 - __main__ - INFO - Train Epoch: 9 Loss: 0.040716
2025-02-21 19:11:19,702 - __main__ - INFO - Train Epoch: 9 Loss: 0.108780
2025-02-21 19:11:20,115 - __main__ - INFO - Train Epoch: 9 Loss: 0.072908
2025-02-21 19:11:20,523 - __main__ - INFO - Train Epoch: 9 Loss: 0.178011
2025-02-21 19:11:20,930 - __main__ - INFO - Train Epoch: 9 Loss: 0.215545
2025-02-21 19:11:21,341 - __main__ - INFO - Train Epoch: 9 Loss: 0.065764
2025-02-21 19:11:21,747 - __main__ - INFO - Train Epoch: 9 Loss: 0.154004
2025-02-21 19:11:22,155 - __main__ - INFO - Train Epoch: 9 Loss: 0.078276
2025-02-21 19:11:22,565 - __main__ - INFO - Training completed successfully
2025-02-21 19:12:58,649 - src.data.preprocess_data - INFO - Data preprocessing completed successfully
2025-02-21 19:12:58,978 - __main__ - INFO - Train Epoch: 0 Loss: 2.319263
2025-02-21 19:12:59,394 - __main__ - INFO - Train Epoch: 0 Loss: 0.525336
2025-02-21 19:12:59,808 - __main__ - INFO - Train Epoch: 0 Loss: 0.381257
2025-02-21 19:13:00,222 - __main__ - INFO - Train Epoch: 0 Loss: 0.519050
2025-02-21 19:13:00,634 - __main__ - INFO - Train Epoch: 0 Loss: 0.262647
2025-02-21 19:13:01,046 - __main__ - INFO - Train Epoch: 0 Loss: 0.133386
2025-02-21 19:13:01,454 - __main__ - INFO - Train Epoch: 0 Loss: 0.137182
2025-02-21 19:13:01,867 - __main__ - INFO - Train Epoch: 0 Loss: 0.222390
2025-02-21 19:13:02,281 - __main__ - INFO - Train Epoch: 0 Loss: 0.287899
2025-02-21 19:13:02,696 - __main__ - INFO - Train Epoch: 0 Loss: 0.126989
2025-02-21 19:13:03,111 - __main__ - INFO - Train Epoch: 0 Loss: 0.082052
2025-02-21 19:13:03,523 - __main__ - INFO - Train Epoch: 0 Loss: 0.425106
2025-02-21 19:13:03,933 - __main__ - INFO - Train Epoch: 0 Loss: 0.311700
2025-02-21 19:13:04,344 - __main__ - INFO - Train Epoch: 0 Loss: 0.088515
2025-02-21 19:13:04,752 - __main__ - INFO - Train Epoch: 0 Loss: 0.067215
2025-02-21 19:13:05,167 - __main__ - INFO - Train Epoch: 1 Loss: 0.059641
2025-02-21 19:13:05,578 - __main__ - INFO - Train Epoch: 1 Loss: 0.149906
2025-02-21 19:13:05,989 - __main__ - INFO - Train Epoch: 1 Loss: 0.248478
2025-02-21 19:13:06,401 - __main__ - INFO - Train Epoch: 1 Loss: 0.134644
2025-02-21 19:13:06,811 - __main__ - INFO - Train Epoch: 1 Loss: 0.090749
2025-02-21 19:13:07,225 - __main__ - INFO - Train Epoch: 1 Loss: 0.069131
2025-02-21 19:13:07,639 - __main__ - INFO - Train Epoch: 1 Loss: 0.070804
2025-02-21 19:13:08,049 - __main__ - INFO - Train Epoch: 1 Loss: 0.187259
2025-02-21 19:13:08,459 - __main__ - INFO - Train Epoch: 1 Loss: 0.054095
2025-02-21 19:13:08,872 - __main__ - INFO - Train Epoch: 1 Loss: 0.181759
2025-02-21 19:13:09,283 - __main__ - INFO - Train Epoch: 1 Loss: 0.034620
2025-02-21 19:13:09,692 - __main__ - INFO - Train Epoch: 1 Loss: 0.139927
2025-02-21 19:13:10,103 - __main__ - INFO - Train Epoch: 1 Loss: 0.124249
2025-02-21 19:13:10,516 - __main__ - INFO - Train Epoch: 1 Loss: 0.228899
2025-02-21 19:13:10,927 - __main__ - INFO - Train Epoch: 1 Loss: 0.072705
2025-02-21 19:13:11,338 - __main__ - INFO - Train Epoch: 2 Loss: 0.044667
2025-02-21 19:13:11,750 - __main__ - INFO - Train Epoch: 2 Loss: 0.049479
2025-02-21 19:13:12,162 - __main__ - INFO - Train Epoch: 2 Loss: 0.031861
2025-02-21 19:13:12,574 - __main__ - INFO - Train Epoch: 2 Loss: 0.054179
2025-02-21 19:13:12,986 - __main__ - INFO - Train Epoch: 2 Loss: 0.099652
2025-02-21 19:13:13,397 - __main__ - INFO - Train Epoch: 2 Loss: 0.098263
2025-02-21 19:13:13,807 - __main__ - INFO - Train Epoch: 2 Loss: 0.041021
2025-02-21 19:13:14,215 - __main__ - INFO - Train Epoch: 2 Loss: 0.023171
2025-02-21 19:13:14,626 - __main__ - INFO - Train Epoch: 2 Loss: 0.117040
2025-02-21 19:13:15,036 - __main__ - INFO - Train Epoch: 2 Loss: 0.034745
2025-02-21 19:13:15,451 - __main__ - INFO - Train Epoch: 2 Loss: 0.014327
2025-02-21 19:13:15,861 - __main__ - INFO - Train Epoch: 2 Loss: 0.106791
2025-02-21 19:13:16,272 - __main__ - INFO - Train Epoch: 2 Loss: 0.105696
2025-02-21 19:13:16,687 - __main__ - INFO - Train Epoch: 2 Loss: 0.020763
2025-02-21 19:13:17,098 - __main__ - INFO - Train Epoch: 2 Loss: 0.265550
2025-02-21 19:13:17,512 - __main__ - INFO - Train Epoch: 3 Loss: 0.026820
2025-02-21 19:13:17,922 - __main__ - INFO - Train Epoch: 3 Loss: 0.115190
2025-02-21 19:13:18,329 - __main__ - INFO - Train Epoch: 3 Loss: 0.008316
2025-02-21 19:13:18,741 - __main__ - INFO - Train Epoch: 3 Loss: 0.073903
2025-02-21 19:13:19,153 - __main__ - INFO - Train Epoch: 3 Loss: 0.058520
2025-02-21 19:13:19,564 - __main__ - INFO - Train Epoch: 3 Loss: 0.040905
2025-02-21 19:13:19,973 - __main__ - INFO - Train Epoch: 3 Loss: 0.117447
2025-02-21 19:13:20,384 - __main__ - INFO - Train Epoch: 3 Loss: 0.022355
2025-02-21 19:13:20,798 - __main__ - INFO - Train Epoch: 3 Loss: 0.016813
2025-02-21 19:13:21,208 - __main__ - INFO - Train Epoch: 3 Loss: 0.025889
2025-02-21 19:13:21,618 - __main__ - INFO - Train Epoch: 3 Loss: 0.007272
2025-02-21 19:13:22,030 - __main__ - INFO - Train Epoch: 3 Loss: 0.030525
2025-02-21 19:13:22,439 - __main__ - INFO - Train Epoch: 3 Loss: 0.015964
2025-02-21 19:13:22,851 - __main__ - INFO - Train Epoch: 3 Loss: 0.015968
2025-02-21 19:13:23,260 - __main__ - INFO - Train Epoch: 3 Loss: 0.010843
2025-02-21 19:13:23,673 - __main__ - INFO - Train Epoch: 4 Loss: 0.175673
2025-02-21 19:13:24,083 - __main__ - INFO - Train Epoch: 4 Loss: 0.007026
2025-02-21 19:13:24,500 - __main__ - INFO - Train Epoch: 4 Loss: 0.110227
2025-02-21 19:13:24,932 - __main__ - INFO - Train Epoch: 4 Loss: 0.123522
2025-02-21 19:13:25,347 - __main__ - INFO - Train Epoch: 4 Loss: 0.044739
2025-02-21 19:13:25,759 - __main__ - INFO - Train Epoch: 4 Loss: 0.125270
2025-02-21 19:13:26,167 - __main__ - INFO - Train Epoch: 4 Loss: 0.011941
2025-02-21 19:13:26,578 - __main__ - INFO - Train Epoch: 4 Loss: 0.025674
2025-02-21 19:13:26,989 - __main__ - INFO - Train Epoch: 4 Loss: 0.018047
2025-02-21 19:13:27,399 - __main__ - INFO - Train Epoch: 4 Loss: 0.040684
2025-02-21 19:13:27,808 - __main__ - INFO - Train Epoch: 4 Loss: 0.047226
2025-02-21 19:13:28,215 - __main__ - INFO - Train Epoch: 4 Loss: 0.079649
2025-02-21 19:13:28,624 - __main__ - INFO - Train Epoch: 4 Loss: 0.113620
2025-02-21 19:13:29,035 - __main__ - INFO - Train Epoch: 4 Loss: 0.051095
2025-02-21 19:13:29,443 - __main__ - INFO - Train Epoch: 4 Loss: 0.061096
2025-02-21 19:13:29,855 - __main__ - INFO - Train Epoch: 5 Loss: 0.032816
2025-02-21 19:13:30,263 - __main__ - INFO - Train Epoch: 5 Loss: 0.025481
2025-02-21 19:13:30,669 - __main__ - INFO - Train Epoch: 5 Loss: 0.082484
2025-02-21 19:13:31,076 - __main__ - INFO - Train Epoch: 5 Loss: 0.024216
2025-02-21 19:13:31,486 - __main__ - INFO - Train Epoch: 5 Loss: 0.128302
2025-02-21 19:13:31,896 - __main__ - INFO - Train Epoch: 5 Loss: 0.161249
2025-02-21 19:13:32,306 - __main__ - INFO - Train Epoch: 5 Loss: 0.084945
2025-02-21 19:13:32,718 - __main__ - INFO - Train Epoch: 5 Loss: 0.018568
2025-02-21 19:13:33,129 - __main__ - INFO - Train Epoch: 5 Loss: 0.050762
2025-02-21 19:13:33,542 - __main__ - INFO - Train Epoch: 5 Loss: 0.047081
2025-02-21 19:13:33,953 - __main__ - INFO - Train Epoch: 5 Loss: 0.066224
2025-02-21 19:13:34,363 - __main__ - INFO - Train Epoch: 5 Loss: 0.054819
2025-02-21 19:13:34,774 - __main__ - INFO - Train Epoch: 5 Loss: 0.012061
2025-02-21 19:13:35,186 - __main__ - INFO - Train Epoch: 5 Loss: 0.042922
2025-02-21 19:13:35,600 - __main__ - INFO - Train Epoch: 5 Loss: 0.004215
2025-02-21 19:13:36,019 - __main__ - INFO - Train Epoch: 6 Loss: 0.078231
2025-02-21 19:13:36,427 - __main__ - INFO - Train Epoch: 6 Loss: 0.023075
2025-02-21 19:13:36,837 - __main__ - INFO - Train Epoch: 6 Loss: 0.006092
2025-02-21 19:13:37,244 - __main__ - INFO - Train Epoch: 6 Loss: 0.008119
2025-02-21 19:13:37,659 - __main__ - INFO - Train Epoch: 6 Loss: 0.056050
2025-02-21 19:13:38,070 - __main__ - INFO - Train Epoch: 6 Loss: 0.005176
2025-02-21 19:13:38,479 - __main__ - INFO - Train Epoch: 6 Loss: 0.034426
2025-02-21 19:13:38,889 - __main__ - INFO - Train Epoch: 6 Loss: 0.009449
2025-02-21 19:13:39,298 - __main__ - INFO - Train Epoch: 6 Loss: 0.039876
2025-02-21 19:13:39,712 - __main__ - INFO - Train Epoch: 6 Loss: 0.032811
2025-02-21 19:13:40,121 - __main__ - INFO - Train Epoch: 6 Loss: 0.010069
2025-02-21 19:13:40,534 - __main__ - INFO - Train Epoch: 6 Loss: 0.020897
2025-02-21 19:13:40,946 - __main__ - INFO - Train Epoch: 6 Loss: 0.010040
2025-02-21 19:13:41,358 - __main__ - INFO - Train Epoch: 6 Loss: 0.078397
2025-02-21 19:13:41,771 - __main__ - INFO - Train Epoch: 6 Loss: 0.008725
2025-02-21 19:13:42,184 - __main__ - INFO - Train Epoch: 7 Loss: 0.062047
2025-02-21 19:13:42,594 - __main__ - INFO - Train Epoch: 7 Loss: 0.023366
2025-02-21 19:13:43,002 - __main__ - INFO - Train Epoch: 7 Loss: 0.059980
2025-02-21 19:13:43,414 - __main__ - INFO - Train Epoch: 7 Loss: 0.029872
2025-02-21 19:13:43,827 - __main__ - INFO - Train Epoch: 7 Loss: 0.004892
2025-02-21 19:13:44,238 - __main__ - INFO - Train Epoch: 7 Loss: 0.014288
2025-02-21 19:13:44,648 - __main__ - INFO - Train Epoch: 7 Loss: 0.000700
2025-02-21 19:13:45,060 - __main__ - INFO - Train Epoch: 7 Loss: 0.084884
2025-02-21 19:13:45,471 - __main__ - INFO - Train Epoch: 7 Loss: 0.041179
2025-02-21 19:13:45,882 - __main__ - INFO - Train Epoch: 7 Loss: 0.082131
2025-02-21 19:13:46,291 - __main__ - INFO - Train Epoch: 7 Loss: 0.002946
2025-02-21 19:13:46,700 - __main__ - INFO - Train Epoch: 7 Loss: 0.079482
2025-02-21 19:13:47,111 - __main__ - INFO - Train Epoch: 7 Loss: 0.087198
2025-02-21 19:13:47,519 - __main__ - INFO - Train Epoch: 7 Loss: 0.054339
2025-02-21 19:13:47,932 - __main__ - INFO - Train Epoch: 7 Loss: 0.011533
2025-02-21 19:13:48,344 - __main__ - INFO - Train Epoch: 8 Loss: 0.004776
2025-02-21 19:13:48,758 - __main__ - INFO - Train Epoch: 8 Loss: 0.000969
2025-02-21 19:13:49,171 - __main__ - INFO - Train Epoch: 8 Loss: 0.017431
2025-02-21 19:13:49,583 - __main__ - INFO - Train Epoch: 8 Loss: 0.010786
2025-02-21 19:13:49,995 - __main__ - INFO - Train Epoch: 8 Loss: 0.010446
2025-02-21 19:13:50,403 - __main__ - INFO - Train Epoch: 8 Loss: 0.321578
2025-02-21 19:13:50,811 - __main__ - INFO - Train Epoch: 8 Loss: 0.051580
2025-02-21 19:13:51,219 - __main__ - INFO - Train Epoch: 8 Loss: 0.025721
2025-02-21 19:13:51,627 - __main__ - INFO - Train Epoch: 8 Loss: 0.004948
2025-02-21 19:13:52,043 - __main__ - INFO - Train Epoch: 8 Loss: 0.006551
2025-02-21 19:13:52,451 - __main__ - INFO - Train Epoch: 8 Loss: 0.006088
2025-02-21 19:13:52,859 - __main__ - INFO - Train Epoch: 8 Loss: 0.016577
2025-02-21 19:13:53,267 - __main__ - INFO - Train Epoch: 8 Loss: 0.004783
2025-02-21 19:13:53,675 - __main__ - INFO - Train Epoch: 8 Loss: 0.020070
2025-02-21 19:13:54,090 - __main__ - INFO - Train Epoch: 8 Loss: 0.016581
2025-02-21 19:13:54,501 - __main__ - INFO - Train Epoch: 9 Loss: 0.003966
2025-02-21 19:13:54,911 - __main__ - INFO - Train Epoch: 9 Loss: 0.002386
2025-02-21 19:13:55,318 - __main__ - INFO - Train Epoch: 9 Loss: 0.140846
2025-02-21 19:13:55,726 - __main__ - INFO - Train Epoch: 9 Loss: 0.029914
2025-02-21 19:13:56,138 - __main__ - INFO - Train Epoch: 9 Loss: 0.019525
2025-02-21 19:13:56,549 - __main__ - INFO - Train Epoch: 9 Loss: 0.003267
2025-02-21 19:13:56,962 - __main__ - INFO - Train Epoch: 9 Loss: 0.013312
2025-02-21 19:13:57,371 - __main__ - INFO - Train Epoch: 9 Loss: 0.098416
2025-02-21 19:13:57,782 - __main__ - INFO - Train Epoch: 9 Loss: 0.003130
2025-02-21 19:13:58,195 - __main__ - INFO - Train Epoch: 9 Loss: 0.000808
2025-02-21 19:13:58,604 - __main__ - INFO - Train Epoch: 9 Loss: 0.027042
2025-02-21 19:13:59,013 - __main__ - INFO - Train Epoch: 9 Loss: 0.007734
2025-02-21 19:13:59,425 - __main__ - INFO - Train Epoch: 9 Loss: 0.018821
2025-02-21 19:13:59,869 - __main__ - INFO - Train Epoch: 9 Loss: 0.287216
2025-02-21 19:14:00,301 - __main__ - INFO - Train Epoch: 9 Loss: 0.006593
2025-02-21 19:14:00,733 - __main__ - INFO - Training completed successfully
2025-02-21 19:14:34,684 - src.data.preprocess_data - INFO - Data preprocessing completed successfully
2025-02-21 19:14:36,113 - __main__ - INFO - Validation accuracy: 99.53333333333333%
2025-02-21 19:15:03,334 - src.data.preprocess_data - INFO - Data preprocessing completed successfully
2025-02-21 19:15:04,772 - __main__ - INFO - Validation accuracy: 99.5%
